<?xml version="1.0" encoding="UTF-8"?>
<!-- Generated by org.testng.reporters.JUnitReportReporter -->
<testsuite hostname="GDLT297" failures="0" tests="1" name="cucumberOptionsRunner.TestRunner" time="0.309" errors="0" timestamp="2025-03-23T10:03:18 IST" skipped="0">
  <testcase classname="cucumberOptionsRunner.TestRunner" name="runScenario" time="0.309"/>
</testsuite> <!-- cucumberOptionsRunner.TestRunner -->
